#
# A fatal error has been detected by the Java Runtime Environment:
#
#  EXCEPTION_ACCESS_VIOLATION (0xc0000005) at pc=0x0000000053671e10, pid=13928, tid=0x0000000000003d5c
#
# JRE version: Java(TM) SE Runtime Environment (8.0_102-b14) (build 1.8.0_102-b14)
# Java VM: Java HotSpot(TM) 64-Bit Server VM (25.102-b14 mixed mode windows-amd64 compressed oops)
# Problematic frame:
# C  [jfxwebkit.dll+0xc41e10]
#
# Failed to write core dump. Minidumps are not enabled by default on client versions of Windows
#
# If you would like to submit a bug report, please visit:
#   http://bugreport.java.com/bugreport/crash.jsp
# The crash happened outside the Java Virtual Machine in native code.
# See problematic frame for where to report the bug.
#

---------------  T H R E A D  ---------------

Current thread (0x000000001ea78800):  JavaThread "JavaFX Application Thread" [_thread_in_native, id=15708, stack(0x000000001fc60000,0x000000001fd60000)]

siginfo: ExceptionCode=0xc0000005, reading address 0x0000000000000008

Registers:
RAX=0x0000000000000000, RBX=0x00000000312ff640, RCX=0x000000002f4fc870, RDX=0x0000000000000000
RSP=0x000000001fd5bd48, RBP=0x00000000ffffffff, RSI=0x0000000000000000, RDI=0x000000002daada70
R8 =0x000000002f4fc870, R9 =0x000000002f4fc930, R10=0x0000000000000000, R11=0x0000000000000000
R12=0x00000000251ffe00, R13=0x0000000023fbc940, R14=0x0000000000000000, R15=0x00000000251ffda0
RIP=0x0000000053671e10, EFLAGS=0x0000000000010246

Top of Stack: (sp=0x000000001fd5bd48)
0x000000001fd5bd48:   0000000053657df8 fffffffffffffffe
0x000000001fd5bd58:   00000000312ff640 00000000312ff640
0x000000001fd5bd68:   000000005375fbf9 00000000311e4980
0x000000001fd5bd78:   000000001fd5bdd0 000000002f4fc870
0x000000001fd5bd88:   fffffffffffffffe 0000000023fbc940
0x000000001fd5bd98:   00000000ffffffff 0000000000000000
0x000000001fd5bda8:   000000002daada70 00000000312ff640
0x000000001fd5bdb8:   000000005365841e 000000002f4fc870
0x000000001fd5bdc8:   000000001fd5bdf0 0000000000000000
0x000000001fd5bdd8:   0000000000000000 0000000000000000
0x000000001fd5bde8:   000000001fd5be38 0000000000000000
0x000000001fd5bdf8:   0000000023fbc958 fffffffffffffffe
0x000000001fd5be08:   00000000312ff640 000000002daada70
0x000000001fd5be18:   000000002c4d2a70 000000001fd5c950
0x000000001fd5be28:   00000000536631e8 0000000000000000
0x000000001fd5be38:   0000000000000000 000000001fd5bf30 

Instructions: (pc=0x0000000053671e10)
0x0000000053671df0:   48 8b 81 b0 00 00 00 4c 8d 89 c0 00 00 00 4c 8b
0x0000000053671e00:   c1 49 3b c1 74 38 45 33 d2 0f 1f 80 00 00 00 00
0x0000000053671e10:   48 8b 50 08 4c 89 50 10 4c 89 50 20 48 85 d2 74
0x0000000053671e20:   11 48 8b 08 48 89 0a 48 89 51 08 4c 89 50 08 4c 


Register to memory mapping:

RAX=0x0000000000000000 is an unknown value
RBX=0x00000000312ff640 is an unknown value
RCX=0x000000002f4fc870 is an unknown value
RDX=0x0000000000000000 is an unknown value
RSP=0x000000001fd5bd48 is pointing into the stack for thread: 0x000000001ea78800
RBP=0x00000000ffffffff is an unknown value
RSI=0x0000000000000000 is an unknown value
RDI=0x000000002daada70 is an unknown value
R8 =0x000000002f4fc870 is an unknown value
R9 =0x000000002f4fc930 is an unknown value
R10=0x0000000000000000 is an unknown value
R11=0x0000000000000000 is an unknown value
R12=0x00000000251ffe00 is an unknown value
R13=0x0000000023fbc940 is an unknown value
R14=0x0000000000000000 is an unknown value
R15=0x00000000251ffda0 is an unknown value


Stack: [0x000000001fc60000,0x000000001fd60000],  sp=0x000000001fd5bd48,  free space=1007k
Native frames: (J=compiled Java code, j=interpreted, Vv=VM code, C=native code)
C  [jfxwebkit.dll+0xc41e10]

Java frames: (J=compiled Java code, j=interpreted, Vv=VM code)
j  com.sun.webkit.network.URLLoader.twkDidFinishLoading(J)V+0
j  com.sun.webkit.network.URLLoader.notifyDidFinishLoading()V+44
j  com.sun.webkit.network.URLLoader.lambda$didFinishLoading$99()V+8
j  com.sun.webkit.network.URLLoader$$Lambda$348.run()V+4
j  com.sun.javafx.application.PlatformImpl.lambda$null$173(Ljava/lang/Runnable;)Ljava/lang/Void;+1
j  com.sun.javafx.application.PlatformImpl$$Lambda$50.run()Ljava/lang/Object;+4
v  ~StubRoutines::call_stub
J 2219  java.security.AccessController.doPrivileged(Ljava/security/PrivilegedAction;Ljava/security/AccessControlContext;)Ljava/lang/Object; (0 bytes) @ 0x0000000002ed1b66 [0x0000000002ed1b00+0x66]
j  com.sun.javafx.application.PlatformImpl.lambda$runLater$174(Ljava/lang/Runnable;Ljava/security/AccessControlContext;)V+7
j  com.sun.javafx.application.PlatformImpl$$Lambda$49.run()V+8
J 3388 C1 com.sun.glass.ui.InvokeLaterDispatcher$Future.run()V (91 bytes) @ 0x0000000002a4eb74 [0x0000000002a4ea60+0x114]
v  ~StubRoutines::call_stub
j  com.sun.glass.ui.win.WinApplication._runLoop(Ljava/lang/Runnable;)V+0
j  com.sun.glass.ui.win.WinApplication.lambda$null$148(ILjava/lang/Runnable;)V+8
j  com.sun.glass.ui.win.WinApplication$$Lambda$38.run()V+12
j  java.lang.Thread.run()V+11
v  ~StubRoutines::call_stub

---------------  P R O C E S S  ---------------

Java Threads: ( => current thread )
  0x00000000277a6800 JavaThread "Thread-6" daemon [_thread_blocked, id=10676, stack(0x0000000032510000,0x0000000032610000)]
  0x00000000277a5800 JavaThread "URL-Loader-20" daemon [_thread_blocked, id=16428, stack(0x0000000032350000,0x0000000032450000)]
  0x00000000277a5000 JavaThread "URL-Loader-19" daemon [_thread_in_native, id=16568, stack(0x0000000032250000,0x0000000032350000)]
  0x00000000277a4000 JavaThread "Thread-5" daemon [_thread_in_native, id=7864, stack(0x0000000030a20000,0x0000000030b20000)]
  0x000000002779c800 JavaThread "URL-Loader-18" daemon [_thread_in_native, id=11068, stack(0x000000002f390000,0x000000002f490000)]
  0x00000000277a3800 JavaThread "URL-Loader-17" daemon [_thread_in_native, id=17544, stack(0x000000002f290000,0x000000002f390000)]
  0x000000002779f000 JavaThread "URL-Loader-16" daemon [_thread_blocked, id=17720, stack(0x000000002e1a0000,0x000000002e2a0000)]
  0x000000002779d800 JavaThread "URL-Loader-15" daemon [_thread_in_native, id=17536, stack(0x000000002e0a0000,0x000000002e1a0000)]
  0x00000000277a2800 JavaThread "URL-Loader-14" daemon [_thread_blocked, id=2920, stack(0x000000002dfa0000,0x000000002e0a0000)]
  0x000000002779c000 JavaThread "URL-Loader-13" daemon [_thread_blocked, id=9748, stack(0x000000002dea0000,0x000000002dfa0000)]
  0x00000000277a2000 JavaThread "URL-Loader-12" daemon [_thread_blocked, id=14296, stack(0x000000002dda0000,0x000000002dea0000)]
  0x000000002779a800 JavaThread "URL-Loader-11" daemon [_thread_in_native, id=6120, stack(0x000000002dca0000,0x000000002dda0000)]
  0x000000002779e000 JavaThread "URL-Loader-10" daemon [_thread_in_native, id=10160, stack(0x000000002dba0000,0x000000002dca0000)]
  0x00000000277a1000 JavaThread "URL-Loader-9" daemon [_thread_blocked, id=17452, stack(0x000000002d780000,0x000000002d880000)]
  0x0000000027799800 JavaThread "URL-Loader-8" daemon [_thread_blocked, id=14548, stack(0x000000002cb10000,0x000000002cc10000)]
  0x00000000277a0800 JavaThread "URL-Loader-7" daemon [_thread_blocked, id=10952, stack(0x000000002ca10000,0x000000002cb10000)]
  0x000000002779b000 JavaThread "URL-Loader-6" daemon [_thread_blocked, id=17444, stack(0x000000002c910000,0x000000002ca10000)]
  0x000000002b46c800 JavaThread "URL-Loader-5" daemon [_thread_blocked, id=2656, stack(0x000000002c810000,0x000000002c910000)]
  0x000000002b46b800 JavaThread "URL-Loader-4" daemon [_thread_blocked, id=14208, stack(0x000000002c710000,0x000000002c810000)]
  0x000000002b46b000 JavaThread "URL-Loader-3" daemon [_thread_blocked, id=14436, stack(0x000000002c610000,0x000000002c710000)]
  0x000000002b46e000 JavaThread "URL-Loader-2" daemon [_thread_blocked, id=17764, stack(0x000000002c510000,0x000000002c610000)]
  0x000000002b46d000 JavaThread "Watchdog-Timer-1" daemon [_thread_blocked, id=5812, stack(0x000000002c370000,0x000000002c470000)]
  0x000000001e415800 JavaThread "Keep-Alive-Timer" daemon [_thread_blocked, id=13768, stack(0x000000002b060000,0x000000002b160000)]
  0x000000001f161000 JavaThread "URL-Loader-1" daemon [_thread_blocked, id=5988, stack(0x000000002ad60000,0x000000002ae60000)]
  0x000000001f090800 JavaThread "Prism Font Disposer" daemon [_thread_blocked, id=10056, stack(0x0000000025930000,0x0000000025a30000)]
  0x000000001ef57800 JavaThread "Disposer" daemon [_thread_blocked, id=14516, stack(0x0000000025200000,0x0000000025300000)]
  0x000000001eb76800 JavaThread "Thread-3" daemon [_thread_in_native, id=13128, stack(0x0000000023d60000,0x0000000023e60000)]
  0x000000001eba5000 JavaThread "JavaFX-Launcher" [_thread_blocked, id=6500, stack(0x0000000024300000,0x0000000024400000)]
=>0x000000001ea78800 JavaThread "JavaFX Application Thread" [_thread_in_native, id=15708, stack(0x000000001fc60000,0x000000001fd60000)]
  0x000000001ea76800 JavaThread "Thread-1" daemon [_thread_blocked, id=8964, stack(0x000000001fb60000,0x000000001fc60000)]
  0x000000001ea55000 JavaThread "QuantumRenderer-0" daemon [_thread_in_native, id=16288, stack(0x000000001f1c0000,0x000000001f2c0000)]
  0x000000001e150800 JavaThread "Service Thread" daemon [_thread_blocked, id=6900, stack(0x000000001e7c0000,0x000000001e8c0000)]
  0x000000001e0da000 JavaThread "C1 CompilerThread2" daemon [_thread_in_native, id=7268, stack(0x000000001e6c0000,0x000000001e7c0000)]
  0x000000001e0d0000 JavaThread "C2 CompilerThread1" daemon [_thread_in_native, id=3868, stack(0x000000001e5c0000,0x000000001e6c0000)]
  0x000000001e0d7000 JavaThread "C2 CompilerThread0" daemon [_thread_in_native, id=6044, stack(0x000000001e4c0000,0x000000001e5c0000)]
  0x000000001c15c000 JavaThread "JDWP Command Reader" daemon [_thread_in_native, id=15552, stack(0x000000001dfc0000,0x000000001e0c0000)]
  0x000000001c15a800 JavaThread "JDWP Event Helper Thread" daemon [_thread_blocked, id=12712, stack(0x000000001dec0000,0x000000001dfc0000)]
  0x000000001c14b800 JavaThread "JDWP Transport Listener: dt_socket" daemon [_thread_blocked, id=3920, stack(0x000000001ddc0000,0x000000001dec0000)]
  0x000000001c141800 JavaThread "Attach Listener" daemon [_thread_blocked, id=2836, stack(0x000000001dcc0000,0x000000001ddc0000)]
  0x000000001c140000 JavaThread "Signal Dispatcher" daemon [_thread_blocked, id=13996, stack(0x000000001dbc0000,0x000000001dcc0000)]
  0x000000001c130000 JavaThread "Finalizer" daemon [_thread_blocked, id=6008, stack(0x000000001d9c0000,0x000000001dac0000)]
  0x00000000027c6000 JavaThread "Reference Handler" daemon [_thread_blocked, id=12092, stack(0x000000001d8c0000,0x000000001d9c0000)]
  0x00000000025ae000 JavaThread "main" [_thread_blocked, id=2388, stack(0x00000000025c0000,0x00000000026c0000)]

Other Threads:
  0x000000001c107800 VMThread [stack: 0x000000001d7c0000,0x000000001d8c0000] [id=15104]
  0x000000001e153000 WatcherThread [stack: 0x000000001e8c0000,0x000000001e9c0000] [id=9192]

VM state:not at safepoint (normal execution)

VM Mutex/Monitor currently owned by a thread: None

Heap:
 PSYoungGen      total 117760K, used 34427K [0x000000076ab00000, 0x0000000777700000, 0x00000007c0000000)
  eden space 107008K, 22% used [0x000000076ab00000,0x000000076c226790,0x0000000771380000)
  from space 10752K, 99% used [0x0000000771380000,0x0000000771df8518,0x0000000771e00000)
  to   space 11264K, 0% used [0x0000000776c00000,0x0000000776c00000,0x0000000777700000)
 ParOldGen       total 124928K, used 7689K [0x00000006c0000000, 0x00000006c7a00000, 0x000000076ab00000)
  object space 124928K, 6% used [0x00000006c0000000,0x00000006c0782508,0x00000006c7a00000)
 Metaspace       used 27240K, capacity 28782K, committed 28928K, reserved 1075200K
  class space    used 3746K, capacity 4028K, committed 4096K, reserved 1048576K

Card table byte_map: [0x0000000011ba0000,0x00000000123b0000] byte_map_base: 0x000000000e5a0000

Marking Bits: (ParMarkBitMap*) 0x00000000557ea6c0
 Begin Bits: [0x0000000012f10000, 0x0000000016f10000)
 End Bits:   [0x0000000016f10000, 0x000000001af10000)

Polling page: 0x0000000000de0000

CodeCache: size=245760Kb used=10297Kb max_used=10297Kb free=235462Kb
 bounds [0x00000000027e0000, 0x0000000003230000, 0x00000000117e0000]
 total_blobs=4010 nmethods=3237 adapters=694
 compilation: enabled

Compilation events (10 events):
Event: 74.314 Thread 0x000000001e0d7000 nmethod 3662% 0x0000000002a10990 code [0x0000000002a10ae0, 0x0000000002a11178]
Event: 74.314 Thread 0x000000001e0da000 nmethod 3675 0x0000000002a63790 code [0x0000000002a639a0, 0x0000000002a64488]
Event: 74.314 Thread 0x000000001e0d7000 3617       4       javafx.scene.CssStyleHelper::lookupInheritedFontProperty (157 bytes)
Event: 74.314 Thread 0x000000001e0da000 3673       3       java.util.regex.Pattern$BitClass::isSatisfiedBy (22 bytes)
Event: 74.315 Thread 0x000000001e0da000 nmethod 3673 0x0000000002997cd0 code [0x0000000002997e40, 0x0000000002998050]
Event: 74.315 Thread 0x000000001e0da000 3681   !   3       sun.security.provider.DigestBase::engineDigest (39 bytes)
Event: 74.315 Thread 0x000000001e0da000 nmethod 3681 0x0000000002997350 code [0x0000000002997500, 0x0000000002997a48]
Event: 74.315 Thread 0x000000001e0da000 3682       3       java.security.MessageDigest$Delegate::engineDigest (11 bytes)
Event: 74.315 Thread 0x000000001e0da000 nmethod 3682 0x000000000302e210 code [0x000000000302e380, 0x000000000302e5c8]
Event: 74.315 Thread 0x000000001e0da000 3676  s!   3       sun.net.www.protocol.http.HttpURLConnection::getInputStream0 (2019 bytes)

GC Heap History (10 events):
Event: 2.195 GC heap before
{Heap before GC invocations=2 (full 1):
 PSYoungGen      total 76288K, used 7426K [0x000000076ab00000, 0x0000000770000000, 0x00000007c0000000)
  eden space 65536K, 0% used [0x000000076ab00000,0x000000076ab00000,0x000000076eb00000)
  from space 10752K, 69% used [0x000000076eb00000,0x000000076f240ad0,0x000000076f580000)
  to   space 10752K, 0% used [0x000000076f580000,0x000000076f580000,0x0000000770000000)
 ParOldGen       total 175104K, used 80K [0x00000006c0000000, 0x00000006cab00000, 0x000000076ab00000)
  object space 175104K, 0% used [0x00000006c0000000,0x00000006c0014010,0x00000006cab00000)
 Metaspace       used 20010K, capacity 21230K, committed 21296K, reserved 1067008K
  class space    used 2951K, capacity 3190K, committed 3200K, reserved 1048576K
Event: 2.243 GC heap after
Heap after GC invocations=2 (full 1):
 PSYoungGen      total 76288K, used 0K [0x000000076ab00000, 0x0000000770000000, 0x00000007c0000000)
  eden space 65536K, 0% used [0x000000076ab00000,0x000000076ab00000,0x000000076eb00000)
  from space 10752K, 0% used [0x000000076eb00000,0x000000076eb00000,0x000000076f580000)
  to   space 10752K, 0% used [0x000000076f580000,0x000000076f580000,0x0000000770000000)
 ParOldGen       total 124928K, used 7361K [0x00000006c0000000, 0x00000006c7a00000, 0x000000076ab00000)
  object space 124928K, 5% used [0x00000006c0000000,0x00000006c0730488,0x00000006c7a00000)
 Metaspace       used 20010K, capacity 21230K, committed 21296K, reserved 1067008K
  class space    used 2951K, capacity 3190K, committed 3200K, reserved 1048576K
}
Event: 72.813 GC heap before
{Heap before GC invocations=3 (full 1):
 PSYoungGen      total 76288K, used 65502K [0x000000076ab00000, 0x0000000770000000, 0x00000007c0000000)
  eden space 65536K, 99% used [0x000000076ab00000,0x000000076eaf7ac0,0x000000076eb00000)
  from space 10752K, 0% used [0x000000076eb00000,0x000000076eb00000,0x000000076f580000)
  to   space 10752K, 0% used [0x000000076f580000,0x000000076f580000,0x0000000770000000)
 ParOldGen       total 124928K, used 7361K [0x00000006c0000000, 0x00000006c7a00000, 0x000000076ab00000)
  object space 124928K, 5% used [0x00000006c0000000,0x00000006c0730488,0x00000006c7a00000)
 Metaspace       used 22976K, capacity 24368K, committed 24576K, reserved 1071104K
  class space    used 3291K, capacity 3565K, committed 3584K, reserved 1048576K
Event: 72.819 GC heap after
Heap after GC invocations=3 (full 1):
 PSYoungGen      total 76288K, used 6857K [0x000000076ab00000, 0x0000000770000000, 0x00000007c0000000)
  eden space 65536K, 0% used [0x000000076ab00000,0x000000076ab00000,0x000000076eb00000)
  from space 10752K, 63% used [0x000000076f580000,0x000000076fc32670,0x0000000770000000)
  to   space 10752K, 0% used [0x000000076eb00000,0x000000076eb00000,0x000000076f580000)
 ParOldGen       total 124928K, used 7369K [0x00000006c0000000, 0x00000006c7a00000, 0x000000076ab00000)
  object space 124928K, 5% used [0x00000006c0000000,0x00000006c0732488,0x00000006c7a00000)
 Metaspace       used 22976K, capacity 24368K, committed 24576K, reserved 1071104K
  class space    used 3291K, capacity 3565K, committed 3584K, reserved 1048576K
}
Event: 72.841 GC heap before
{Heap before GC invocations=4 (full 1):
 PSYoungGen      total 76288K, used 72301K [0x000000076ab00000, 0x0000000770000000, 0x00000007c0000000)
  eden space 65536K, 99% used [0x000000076ab00000,0x000000076eae8fd8,0x000000076eb00000)
  from space 10752K, 63% used [0x000000076f580000,0x000000076fc32670,0x0000000770000000)
  to   space 10752K, 0% used [0x000000076eb00000,0x000000076eb00000,0x000000076f580000)
 ParOldGen       total 124928K, used 7369K [0x00000006c0000000, 0x00000006c7a00000, 0x000000076ab00000)
  object space 124928K, 5% used [0x00000006c0000000,0x00000006c0732488,0x00000006c7a00000)
 Metaspace       used 22978K, capacity 24368K, committed 24576K, reserved 1071104K
  class space    used 3291K, capacity 3565K, committed 3584K, reserved 1048576K
Event: 72.843 GC heap after
Heap after GC invocations=4 (full 1):
 PSYoungGen      total 76288K, used 4853K [0x000000076ab00000, 0x0000000772880000, 0x00000007c0000000)
  eden space 65536K, 0% used [0x000000076ab00000,0x000000076ab00000,0x000000076eb00000)
  from space 10752K, 45% used [0x000000076eb00000,0x000000076efbd750,0x000000076f580000)
  to   space 10752K, 0% used [0x0000000771e00000,0x0000000771e00000,0x0000000772880000)
 ParOldGen       total 124928K, used 7369K [0x00000006c0000000, 0x00000006c7a00000, 0x000000076ab00000)
  object space 124928K, 5% used [0x00000006c0000000,0x00000006c0732488,0x00000006c7a00000)
 Metaspace       used 22978K, capacity 24368K, committed 24576K, reserved 1071104K
  class space    used 3291K, capacity 3565K, committed 3584K, reserved 1048576K
}
Event: 72.864 GC heap before
{Heap before GC invocations=5 (full 1):
 PSYoungGen      total 76288K, used 70274K [0x000000076ab00000, 0x0000000772880000, 0x00000007c0000000)
  eden space 65536K, 99% used [0x000000076ab00000,0x000000076eae32f0,0x000000076eb00000)
  from space 10752K, 45% used [0x000000076eb00000,0x000000076efbd750,0x000000076f580000)
  to   space 10752K, 0% used [0x0000000771e00000,0x0000000771e00000,0x0000000772880000)
 ParOldGen       total 124928K, used 7369K [0x00000006c0000000, 0x00000006c7a00000, 0x000000076ab00000)
  object space 124928K, 5% used [0x00000006c0000000,0x00000006c0732488,0x00000006c7a00000)
 Metaspace       used 22982K, capacity 24368K, committed 24576K, reserved 1071104K
  class space    used 3291K, capacity 3565K, committed 3584K, reserved 1048576K
Event: 72.869 GC heap after
Heap after GC invocations=5 (full 1):
 PSYoungGen      total 117760K, used 7025K [0x000000076ab00000, 0x0000000773200000, 0x00000007c0000000)
  eden space 107008K, 0% used [0x000000076ab00000,0x000000076ab00000,0x0000000771380000)
  from space 10752K, 65% used [0x0000000771e00000,0x00000007724dc400,0x0000000772880000)
  to   space 10752K, 0% used [0x0000000771380000,0x0000000771380000,0x0000000771e00000)
 ParOldGen       total 124928K, used 7369K [0x00000006c0000000, 0x00000006c7a00000, 0x000000076ab00000)
  object space 124928K, 5% used [0x00000006c0000000,0x00000006c0732488,0x00000006c7a00000)
 Metaspace       used 22982K, capacity 24368K, committed 24576K, reserved 1071104K
  class space    used 3291K, capacity 3565K, committed 3584K, reserved 1048576K
}
Event: 73.499 GC heap before
{Heap before GC invocations=6 (full 1):
 PSYoungGen      total 117760K, used 114033K [0x000000076ab00000, 0x0000000773200000, 0x00000007c0000000)
  eden space 107008K, 100% used [0x000000076ab00000,0x0000000771380000,0x0000000771380000)
  from space 10752K, 65% used [0x0000000771e00000,0x00000007724dc400,0x0000000772880000)
  to   space 10752K, 0% used [0x0000000771380000,0x0000000771380000,0x0000000771e00000)
 ParOldGen       total 124928K, used 7369K [0x00000006c0000000, 0x00000006c7a00000, 0x000000076ab00000)
  object space 124928K, 5% used [0x00000006c0000000,0x00000006c0732488,0x00000006c7a00000)
 Metaspace       used 26417K, capacity 27838K, committed 28032K, reserved 1073152K
  class space    used 3658K, capacity 3938K, committed 3968K, reserved 1048576K
Event: 73.509 GC heap after
Heap after GC invocations=6 (full 1):
 PSYoungGen      total 117760K, used 10721K [0x000000076ab00000, 0x0000000777700000, 0x00000007c0000000)
  eden space 107008K, 0% used [0x000000076ab00000,0x000000076ab00000,0x0000000771380000)
  from space 10752K, 99% used [0x0000000771380000,0x0000000771df8518,0x0000000771e00000)
  to   space 11264K, 0% used [0x0000000776c00000,0x0000000776c00000,0x0000000777700000)
 ParOldGen       total 124928K, used 7689K [0x00000006c0000000, 0x00000006c7a00000, 0x000000076ab00000)
  object space 124928K, 6% used [0x00000006c0000000,0x00000006c0782508,0x00000006c7a00000)
 Metaspace       used 26417K, capacity 27838K, committed 28032K, reserved 1073152K
  class space    used 3658K, capacity 3938K, committed 3968K, reserved 1048576K
}

Deoptimization events (10 events):
Event: 73.671 Thread 0x000000001ea78800 Uncommon trap: reason=bimorphic action=maybe_recompile pc=0x00000000031eb5e0 method=java.util.HashMap.putVal(ILjava/lang/Object;Ljava/lang/Object;ZZ)Ljava/lang/Object; @ 203
Event: 73.862 Thread 0x000000001ea78800 Uncommon trap: reason=unstable_if action=reinterpret pc=0x0000000002a1c2d8 method=java.util.Arrays.equals([B[B)Z @ 2
Event: 74.177 Thread 0x000000001ea78800 Uncommon trap: reason=bimorphic action=maybe_recompile pc=0x0000000002e52704 method=javafx.beans.property.BooleanPropertyBase.get()Z @ 23
Event: 74.178 Thread 0x000000001ea78800 Uncommon trap: reason=bimorphic action=maybe_recompile pc=0x0000000002e52704 method=javafx.beans.property.BooleanPropertyBase.get()Z @ 23
Event: 74.178 Thread 0x000000001ea78800 Uncommon trap: reason=bimorphic action=maybe_recompile pc=0x0000000002e52704 method=javafx.beans.property.BooleanPropertyBase.get()Z @ 23
Event: 74.183 Thread 0x000000001ea78800 Uncommon trap: reason=bimorphic action=maybe_recompile pc=0x0000000002e52704 method=javafx.beans.property.BooleanPropertyBase.get()Z @ 23
Event: 74.258 Thread 0x000000001ea78800 Uncommon trap: reason=bimorphic action=maybe_recompile pc=0x0000000002e4b378 method=com.sun.javafx.css.CompoundSelector.stateMatches(Ljavafx/css/Styleable;Ljava/util/Set;I)Z @ 160
Event: 74.258 Thread 0x000000001ea78800 Uncommon trap: reason=bimorphic action=maybe_recompile pc=0x0000000002e4b378 method=com.sun.javafx.css.CompoundSelector.stateMatches(Ljavafx/css/Styleable;Ljava/util/Set;I)Z @ 160
Event: 74.258 Thread 0x000000001ea78800 Uncommon trap: reason=bimorphic action=maybe_recompile pc=0x0000000002e4b378 method=com.sun.javafx.css.CompoundSelector.stateMatches(Ljavafx/css/Styleable;Ljava/util/Set;I)Z @ 160
Event: 74.258 Thread 0x000000001ea78800 Uncommon trap: reason=bimorphic action=maybe_recompile pc=0x0000000002e4b378 method=com.sun.javafx.css.CompoundSelector.stateMatches(Ljavafx/css/Styleable;Ljava/util/Set;I)Z @ 160

Internal exceptions (10 events):
Event: 73.762 Thread 0x000000001ea78800 Exception <a 'java/lang/ClassNotFoundException': sun/net/www/protocol/about/Handler> (0x000000076b26e780) thrown at [C:\re\workspace\8-2-build-windows-amd64-cygwin\jdk8u102\7268\hotspot\src\share\vm\classfile\systemDictionary.cpp, line 210]
Event: 73.797 Thread 0x000000001ea78800 Exception <a 'java/lang/ClassNotFoundException': sun/net/www/protocol/about/Handler> (0x000000076b279980) thrown at [C:\re\workspace\8-2-build-windows-amd64-cygwin\jdk8u102\7268\hotspot\src\share\vm\classfile\systemDictionary.cpp, line 210]
Event: 73.945 Thread 0x000000001ea78800 Exception <a 'java/io/FileNotFoundException'> (0x000000076b4e9010) thrown at [C:\re\workspace\8-2-build-windows-amd64-cygwin\jdk8u102\7268\hotspot\src\share\vm\prims\jni.cpp, line 709]
Event: 73.945 Thread 0x000000001ea78800 Exception <a 'java/io/FileNotFoundException'> (0x000000076b4ea130) thrown at [C:\re\workspace\8-2-build-windows-amd64-cygwin\jdk8u102\7268\hotspot\src\share\vm\prims\jni.cpp, line 709]
Event: 73.946 Thread 0x000000001ea78800 Exception <a 'java/io/FileNotFoundException'> (0x000000076b4efa78) thrown at [C:\re\workspace\8-2-build-windows-amd64-cygwin\jdk8u102\7268\hotspot\src\share\vm\prims\jni.cpp, line 709]
Event: 73.946 Thread 0x000000001ea78800 Exception <a 'java/io/FileNotFoundException'> (0x000000076b4f0b08) thrown at [C:\re\workspace\8-2-build-windows-amd64-cygwin\jdk8u102\7268\hotspot\src\share\vm\prims\jni.cpp, line 709]
Event: 74.002 Thread 0x00000000277a4000 Exception <a 'sun/nio/fs/WindowsException'> (0x000000076b661e00) thrown at [C:\re\workspace\8-2-build-windows-amd64-cygwin\jdk8u102\7268\hotspot\src\share\vm\prims\jni.cpp, line 709]
Event: 74.201 Thread 0x00000000277a6800 Implicit null exception at 0x000000000312045d to 0x000000000312054d
Event: 74.201 Thread 0x00000000277a6800 Exception <a 'java/lang/NullPointerException'> (0x000000076badd430) thrown at [C:\re\workspace\8-2-build-windows-amd64-cygwin\jdk8u102\7268\hotspot\src\share\vm\runtime\sharedRuntime.cpp, line 605]
Event: 74.312 Thread 0x000000001ea78800 Exception <a 'java/lang/ClassNotFoundException': sun/net/www/protocol/about/Handler> (0x000000076c0195b8) thrown at [C:\re\workspace\8-2-build-windows-amd64-cygwin\jdk8u102\7268\hotspot\src\share\vm\classfile\systemDictionary.cpp, line 210]

Events (10 events):
Event: 74.324 loading class com/sun/javafx/webkit/prism/RTImage
Event: 74.324 loading class com/sun/javafx/webkit/prism/RTImage done
Event: 74.325 Executing VM operation: RevokeBias
Event: 74.325 Executing VM operation: RevokeBias done
Event: 74.325 Executing VM operation: RevokeBias
Event: 74.325 Executing VM operation: RevokeBias done
Event: 74.335 loading class com/sun/prism/shader/FillPgram_ImagePattern_Loader
Event: 74.335 loading class com/sun/prism/shader/FillPgram_ImagePattern_Loader done
Event: 74.337 loading class com/sun/javafx/webkit/prism/WCGraphicsPrismContext$Type
Event: 74.337 loading class com/sun/javafx/webkit/prism/WCGraphicsPrismContext$Type done


Dynamic libraries:
0x00007ff68e9c0000 - 0x00007ff68e9f7000 	C:\Program Files\Java\jdk1.8.0_102\bin\java.exe
0x00007ffc777d0000 - 0x00007ffc779a1000 	C:\WINDOWS\SYSTEM32\ntdll.dll
0x00007ffc74ea0000 - 0x00007ffc74f4b000 	C:\WINDOWS\System32\KERNEL32.DLL
0x00007ffc6fe10000 - 0x00007ffc6fe43000 	C:\Program Files\AVAST Software\Avast\x64\aswhooka.dll
0x00007ffc749c0000 - 0x00007ffc74bdd000 	C:\WINDOWS\System32\KERNELBASE.dll
0x00007ffc75b40000 - 0x00007ffc75be2000 	C:\WINDOWS\System32\ADVAPI32.dll
0x00007ffc74e00000 - 0x00007ffc74e9e000 	C:\WINDOWS\System32\msvcrt.dll
0x00007ffc77610000 - 0x00007ffc77669000 	C:\WINDOWS\System32\sechost.dll
0x00007ffc75570000 - 0x00007ffc75691000 	C:\WINDOWS\System32\RPCRT4.dll
0x00007ffc752f0000 - 0x00007ffc75455000 	C:\WINDOWS\System32\USER32.dll
0x00007ffc73cc0000 - 0x00007ffc73cde000 	C:\WINDOWS\System32\win32u.dll
0x00007ffc77300000 - 0x00007ffc77334000 	C:\WINDOWS\System32\GDI32.dll
0x00007ffc74470000 - 0x00007ffc745f2000 	C:\WINDOWS\System32\gdi32full.dll
0x00007ffc68d90000 - 0x00007ffc6900a000 	C:\WINDOWS\WinSxS\amd64_microsoft.windows.common-controls_6595b64144ccf1df_6.0.14393.953_none_42151e83c686086b\COMCTL32.dll
0x00007ffc74f50000 - 0x00007ffc75218000 	C:\WINDOWS\System32\combase.dll
0x00007ffc747d0000 - 0x00007ffc748c5000 	C:\WINDOWS\System32\ucrtbase.dll
0x00007ffc74c90000 - 0x00007ffc74cfa000 	C:\WINDOWS\System32\bcryptPrimitives.dll
0x00007ffc772b0000 - 0x00007ffc772de000 	C:\WINDOWS\System32\IMM32.DLL
0x00000000565d0000 - 0x00000000566a1000 	C:\Program Files\Java\jdk1.8.0_102\jre\bin\msvcr100.dll
0x0000000054fd0000 - 0x000000005586a000 	C:\Program Files\Java\jdk1.8.0_102\jre\bin\server\jvm.dll
0x00007ffc77400000 - 0x00007ffc77408000 	C:\WINDOWS\System32\PSAPI.DLL
0x00007ffc65590000 - 0x00007ffc65599000 	C:\WINDOWS\SYSTEM32\WSOCK32.dll
0x00007ffc75bf0000 - 0x00007ffc75c5a000 	C:\WINDOWS\System32\WS2_32.dll
0x00007ffc720b0000 - 0x00007ffc720d3000 	C:\WINDOWS\SYSTEM32\WINMM.dll
0x00007ffc6f950000 - 0x00007ffc6f95a000 	C:\WINDOWS\SYSTEM32\VERSION.dll
0x00007ffc72080000 - 0x00007ffc720ab000 	C:\WINDOWS\SYSTEM32\WINMMBASE.dll
0x00007ffc74970000 - 0x00007ffc749b2000 	C:\WINDOWS\System32\cfgmgr32.dll
0x00000000565c0000 - 0x00000000565cf000 	C:\Program Files\Java\jdk1.8.0_102\jre\bin\verify.dll
0x0000000056590000 - 0x00000000565b9000 	C:\Program Files\Java\jdk1.8.0_102\jre\bin\java.dll
0x0000000056530000 - 0x0000000056565000 	C:\Program Files\Java\jdk1.8.0_102\jre\bin\jdwp.dll
0x0000000056520000 - 0x0000000056528000 	C:\Program Files\Java\jdk1.8.0_102\jre\bin\npt.dll
0x0000000056570000 - 0x0000000056586000 	C:\Program Files\Java\jdk1.8.0_102\jre\bin\zip.dll
0x00007ffc75da0000 - 0x00007ffc772a9000 	C:\WINDOWS\System32\SHELL32.dll
0x00007ffc73d90000 - 0x00007ffc7446a000 	C:\WINDOWS\System32\windows.storage.dll
0x00007ffc73c70000 - 0x00007ffc73cbc000 	C:\WINDOWS\System32\powrprof.dll
0x00007ffc77340000 - 0x00007ffc77392000 	C:\WINDOWS\System32\shlwapi.dll
0x00007ffc73c60000 - 0x00007ffc73c6f000 	C:\WINDOWS\System32\kernel.appcore.dll
0x00007ffc73ce0000 - 0x00007ffc73d89000 	C:\WINDOWS\System32\shcore.dll
0x00007ffc73c40000 - 0x00007ffc73c54000 	C:\WINDOWS\System32\profapi.dll
0x0000000056510000 - 0x0000000056519000 	C:\Program Files\Java\jdk1.8.0_102\jre\bin\dt_socket.dll
0x00007ffc73500000 - 0x00007ffc7355c000 	C:\WINDOWS\system32\mswsock.dll
0x00007ffc4f770000 - 0x00007ffc4f85f000 	C:\Program Files\Java\jdk1.8.0_102\jre\bin\msvcr120.dll
0x00007ffc6bbe0000 - 0x00007ffc6bc86000 	C:\Program Files\Java\jdk1.8.0_102\jre\bin\msvcp120.dll
0x00000000564a0000 - 0x00000000564c2000 	C:\Program Files\Java\jdk1.8.0_102\jre\bin\prism_d3d.dll
0x00007ffc414e0000 - 0x00007ffc4166d000 	C:\WINDOWS\system32\d3d9.dll
0x00007ffc71a30000 - 0x00007ffc71a56000 	C:\WINDOWS\SYSTEM32\dwmapi.dll
0x00007ffc723b0000 - 0x00007ffc72445000 	C:\WINDOWS\system32\uxtheme.dll
0x00007ffc436b0000 - 0x00007ffc4476c000 	C:\WINDOWS\System32\DriverStore\FileRepository\nv_dispiwu.inf_amd64_b67dc924fff8de6d\nvd3dumx.dll
0x00007ffc6a870000 - 0x00007ffc6aa27000 	C:\WINDOWS\system32\nvspcap64.dll
0x00007ffc75c60000 - 0x00007ffc75d97000 	C:\WINDOWS\System32\ole32.dll
0x00007ffc75220000 - 0x00007ffc752df000 	C:\WINDOWS\System32\OLEAUT32.dll
0x00007ffc748d0000 - 0x00007ffc7496c000 	C:\WINDOWS\System32\msvcp_win.dll
0x00007ffc756a0000 - 0x00007ffc75ac9000 	C:\WINDOWS\System32\SETUPAPI.dll
0x00007ffc6cf40000 - 0x00007ffc6d00d000 	C:\WINDOWS\SYSTEM32\WINHTTP.dll
0x00007ffc6b160000 - 0x00007ffc6b55b000 	C:\WINDOWS\system32\nvapi64.dll
0x00007ffc72bb0000 - 0x00007ffc72c4f000 	C:\WINDOWS\SYSTEM32\dxgi.dll
0x00007ffc73900000 - 0x00007ffc7392c000 	C:\WINDOWS\SYSTEM32\SspiCli.dll
0x0000000056450000 - 0x0000000056493000 	C:\Program Files\Java\jdk1.8.0_102\jre\bin\glass.dll
0x00007ffc75460000 - 0x00007ffc7555a000 	C:\WINDOWS\System32\COMDLG32.dll
0x00007ffc77670000 - 0x00007ffc777ca000 	C:\WINDOWS\System32\MSCTF.dll
0x00007ffc6c9c0000 - 0x00007ffc6caa6000 	C:\Program Files (x86)\NVIDIA Corporation\3D Vision\nvSCPAPI64.dll
0x0000000056430000 - 0x0000000056444000 	C:\Program Files\Java\jdk1.8.0_102\jre\bin\javafx_font.dll
0x00007ffc6c2a0000 - 0x00007ffc6c509000 	C:\WINDOWS\SYSTEM32\dwrite.dll
0x0000000052a30000 - 0x0000000054fc1000 	C:\Program Files\Java\jdk1.8.0_102\jre\bin\jfxwebkit.dll
0x00007ffc736a0000 - 0x00007ffc736b7000 	C:\WINDOWS\SYSTEM32\CRYPTSP.dll
0x00007ffc73100000 - 0x00007ffc73133000 	C:\WINDOWS\system32\rsaenh.dll
0x00007ffc73b70000 - 0x00007ffc73b9b000 	C:\WINDOWS\SYSTEM32\bcrypt.dll
0x00007ffc736c0000 - 0x00007ffc736cb000 	C:\WINDOWS\SYSTEM32\CRYPTBASE.dll
0x00007ffc74d60000 - 0x00007ffc74dff000 	C:\WINDOWS\System32\clbcatq.dll
0x00007ffc70c20000 - 0x00007ffc70dc8000 	C:\WINDOWS\SYSTEM32\WindowsCodecs.dll
0x00007ffc684f0000 - 0x00007ffc68539000 	C:\WINDOWS\system32\dataexchange.dll
0x00007ffc707c0000 - 0x00007ffc70a76000 	C:\WINDOWS\system32\d3d11.dll
0x00007ffc71890000 - 0x00007ffc719e1000 	C:\WINDOWS\system32\dcomp.dll
0x00007ffc72650000 - 0x00007ffc7276c000 	C:\WINDOWS\system32\twinapi.appcore.dll
0x00007ffc69360000 - 0x00007ffc69392000 	C:\Program Files\Common Files\Microsoft Shared\Ink\rtscom.dll
0x0000000056410000 - 0x0000000056421000 	C:\Program Files\Java\jdk1.8.0_102\jre\bin\prism_common.dll
0x00000000564f0000 - 0x000000005650a000 	C:\Program Files\Java\jdk1.8.0_102\jre\bin\net.dll
0x00000000564d0000 - 0x00000000564e1000 	C:\Program Files\Java\jdk1.8.0_102\jre\bin\nio.dll
0x00007ffc732d0000 - 0x00007ffc73371000 	C:\WINDOWS\SYSTEM32\DNSAPI.dll
0x00007ffc75560000 - 0x00007ffc75568000 	C:\WINDOWS\System32\NSI.dll
0x00007ffc73280000 - 0x00007ffc732b8000 	C:\WINDOWS\SYSTEM32\IPHLPAPI.DLL
0x00007ffc6d040000 - 0x00007ffc6d04a000 	C:\Windows\System32\rasadhlp.dll
0x00007ffc6f5c0000 - 0x00007ffc6f62a000 	C:\WINDOWS\System32\fwpuclnt.dll
0x00000000563e0000 - 0x0000000056404000 	C:\Program Files\Java\jdk1.8.0_102\jre\bin\sunec.dll
0x00007ffc73380000 - 0x00007ffc7339f000 	C:\WINDOWS\SYSTEM32\USERENV.dll
0x00007ffc6ff90000 - 0x00007ffc6ffa6000 	C:\WINDOWS\SYSTEM32\dhcpcsvc6.DLL
0x00007ffc6fbe0000 - 0x00007ffc6fbfa000 	C:\WINDOWS\SYSTEM32\dhcpcsvc.DLL
0x00000000563d0000 - 0x00000000563db000 	C:\Program Files\Java\jdk1.8.0_102\jre\bin\sunmscapi.dll
0x00007ffc74600000 - 0x00007ffc747c9000 	C:\WINDOWS\System32\CRYPT32.dll
0x00007ffc73c30000 - 0x00007ffc73c40000 	C:\WINDOWS\System32\MSASN1.dll
0x00000000563a0000 - 0x00000000563c3000 	C:\Program Files\Java\jdk1.8.0_102\jre\bin\javafx_iio.dll
0x00007ffc61f80000 - 0x00007ffc62112000 	C:\WINDOWS\SYSTEM32\dbghelp.dll

VM Arguments:
jvm_args: -agentlib:jdwp=transport=dt_socket,address=127.0.0.1:65099,suspend=y,server=n -Dfile.encoding=UTF-8 
java_command: org.misha.ui.FinalMovieProApp
java_class_path (initial): C:\Program Files\Java\jdk1.8.0_102\jre\lib\charsets.jar;C:\Program Files\Java\jdk1.8.0_102\jre\lib\deploy.jar;C:\Program Files\Java\jdk1.8.0_102\jre\lib\ext\access-bridge-64.jar;C:\Program Files\Java\jdk1.8.0_102\jre\lib\ext\cldrdata.jar;C:\Program Files\Java\jdk1.8.0_102\jre\lib\ext\dnsns.jar;C:\Program Files\Java\jdk1.8.0_102\jre\lib\ext\jaccess.jar;C:\Program Files\Java\jdk1.8.0_102\jre\lib\ext\jfxrt.jar;C:\Program Files\Java\jdk1.8.0_102\jre\lib\ext\localedata.jar;C:\Program Files\Java\jdk1.8.0_102\jre\lib\ext\nashorn.jar;C:\Program Files\Java\jdk1.8.0_102\jre\lib\ext\sunec.jar;C:\Program Files\Java\jdk1.8.0_102\jre\lib\ext\sunjce_provider.jar;C:\Program Files\Java\jdk1.8.0_102\jre\lib\ext\sunmscapi.jar;C:\Program Files\Java\jdk1.8.0_102\jre\lib\ext\sunpkcs11.jar;C:\Program Files\Java\jdk1.8.0_102\jre\lib\ext\zipfs.jar;C:\Program Files\Java\jdk1.8.0_102\jre\lib\javaws.jar;C:\Program Files\Java\jdk1.8.0_102\jre\lib\jce.jar;C:\Program Files\Java\jdk1.8.0_102\jre\lib\jfr.jar;C:\Program Files\Java\jdk1.8.0_102\jre\lib\jfxswt.jar;C:\Program Files\Java\jdk1.8.0_102\jre\lib\jsse.jar;C:\Program Files\Java\jdk1.8.0_102\jre\lib\management-agent.jar;C:\Program Files\Java\jdk1.8.0_102\jre\lib\plugin.jar;C:\Program Files\Java\jdk1.8.0_102\jre\lib\resources.jar;C:\Program Files\Java\jdk1.8.0_102\jre\lib\rt.jar;G:\_MURIC\MURIC_PROJECTS\IntelliJ\FinalMoviePro\out\production\FinalMoviePro;C:\Users\muric\.m2\repository\org\jsoup\jsoup\1.10.2\jsoup-1.10.2.jar;C:\Program Files (x86)\JetBrains\IntelliJ IDEA 2017.1\lib\idea_rt.jar
Launcher Type: SUN_STANDARD

Environment Variables:
JAVA_HOME=C:\Program Files\Java\jdk1.8.0_102
PATH=C:\Program Files\Java\jdk1.8.0_102\bin;C:\ProgramData\Oracle\Java\javapath;C:\Windows\system32;C:\Windows;C:\Windows\System32\Wbem;C:\Windows\System32\WindowsPowerShell\v1.0\;C:\Program Files (x86)\NVIDIA Corporation\PhysX\Common;C:\Program Files\Calibre2\;C:\Program Files (x86)\PuTTY\;C:\WINDOWS\system32;C:\WINDOWS;C:\WINDOWS\System32\Wbem;C:\WINDOWS\System32\WindowsPowerShell\v1.0\;G:\_MURIC\TOOLS\maven\apache-maven-3.3.9\bin;C:\Program Files\Git\cmd;C:\Program Files (x86)\Skype\Phone\;C:\Users\muric\AppData\Local\Microsoft\WindowsApps;
USERNAME=muric
OS=Windows_NT
PROCESSOR_IDENTIFIER=AMD64 Family 21 Model 2 Stepping 0, AuthenticAMD



---------------  S Y S T E M  ---------------

OS: Windows 10.0 , 64 bit Build 14393 (10.0.14393.0)

CPU:total 6 (6 cores per cpu, 1 threads per core) family 21 model 2 stepping 0, cmov, cx8, fxsr, mmx, sse, sse2, sse3, ssse3, sse4.1, sse4.2, popcnt, avx, aes, clmul, mmxext, 3dnowpref, lzcnt, sse4a, tsc, tscinvbit, tscinv, bmi1

Memory: 4k page, physical 16774708k(11060612k free), swap 19265076k(11764212k free)

vm_info: Java HotSpot(TM) 64-Bit Server VM (25.102-b14) for windows-amd64 JRE (1.8.0_102-b14), built on Jun 22 2016 13:15:21 by "java_re" with MS VC++ 10.0 (VS2010)

time: Sat Apr 08 12:15:37 2017
elapsed time: 74 seconds (0d 0h 1m 14s)

